[0m10:18:40.553457 [debug] [MainThread]: Sending event: {'category': 'dbt', 'action': 'invocation', 'label': 'start', 'context': [<snowplow_tracker.self_describing_json.SelfDescribingJson object at 0x7a5f5815ddf0>, <snowplow_tracker.self_describing_json.SelfDescribingJson object at 0x7a5f5a94c770>, <snowplow_tracker.self_describing_json.SelfDescribingJson object at 0x7a5f589449e0>]}


============================== 10:18:40.559430 | b2dd3276-bcff-4d02-8699-f5b03419a1b3 ==============================
[0m10:18:40.559430 [info ] [MainThread]: Running with dbt=1.11.8
[0m10:18:40.560499 [debug] [MainThread]: running dbt with arguments {'empty': 'None', 'version_check': 'True', 'target_path': 'None', 'static_parser': 'True', 'log_format': 'default', 'log_cache_events': 'False', 'profiles_dir': '/home/ubuntu/.dbt', 'send_anonymous_usage_stats': 'True', 'invocation_command': 'dbt init demo_dbt', 'indirect_selection': 'eager', 'no_print': 'None', 'warn_error_options': 'WarnErrorOptionsV2(error=[], warn=[], silence=[])', 'quiet': 'False', 'cache_selected_only': 'False', 'debug': 'False', 'fail_fast': 'False', 'introspect': 'True', 'warn_error': 'None', 'use_experimental_parser': 'False', 'write_json': 'True', 'use_colors': 'True', 'partial_parse': 'True', 'log_path': 'logs', 'printer_width': '80'}
[0m10:18:40.577334 [debug] [MainThread]: Starter project path: /home/ubuntu/.venv/lib/python3.12/site-packages/dbt/include/starter_project
[0m10:18:40.582367 [info ] [MainThread]: 
Your new dbt project "demo_dbt" was created!

For more information on how to configure the profiles.yml file,
please consult the dbt documentation here:

  https://docs.getdbt.com/docs/configure-your-profile

One more thing:

Need help? Don't hesitate to reach out to us via GitHub issues or on Slack:

  https://community.getdbt.com/

Happy modeling!

[0m10:18:40.583212 [info ] [MainThread]: Setting up your profile.
[0m10:18:43.888032 [debug] [MainThread]: Resource report: {"command_name": "init", "command_success": true, "command_wall_clock_time": 3.4448938, "process_in_blocks": "0", "process_kernel_time": 0.292225, "process_mem_max_rss": "121272", "process_out_blocks": "64", "process_user_time": 4.948786}
[0m10:18:43.889191 [debug] [MainThread]: Command `dbt init` succeeded at 10:18:43.889013 after 3.45 seconds
[0m10:18:43.889854 [debug] [MainThread]: Sending event: {'category': 'dbt', 'action': 'invocation', 'label': 'end', 'context': [<snowplow_tracker.self_describing_json.SelfDescribingJson object at 0x7a5f5815ddf0>, <snowplow_tracker.self_describing_json.SelfDescribingJson object at 0x7a5f578c2ea0>, <snowplow_tracker.self_describing_json.SelfDescribingJson object at 0x7a5f5831c6e0>]}
[0m10:18:43.890505 [debug] [MainThread]: Flushing usage events
[0m10:18:44.229757 [debug] [MainThread]: An error was encountered while trying to flush usage events
